<?xml version="1.0" encoding="UTF-8"?>
<testng-results skipped="0" failed="0" total="1" passed="1">
  <reporter-output>
  </reporter-output>
  <suite name="Default suite" duration-ms="6718" started-at="2018-04-19T23:15:45Z" finished-at="2018-04-19T23:15:51Z">
    <groups>
    </groups>
    <test name="Default test" duration-ms="6718" started-at="2018-04-19T23:15:45Z" finished-at="2018-04-19T23:15:51Z">
      <class name="test.LoginTest">
        <test-method status="PASS" signature="loginTest(java.lang.String, java.lang.String)[pri:0, instance:test.LoginTest@1c62251]" name="loginTest" duration-ms="6479" started-at="2018-04-19T18:15:45Z" data-provider="getData" finished-at="2018-04-19T18:15:51Z">
          <params>
            <param index="0">
              <value>
                <![CDATA[email1@gmail.com]]>
              </value>
            </param>
            <param index="1">
              <value>
                <![CDATA[abc123456]]>
              </value>
            </param>
          </params>
          <reporter-output>
          </reporter-output>
        </test-method> <!-- loginTest -->
      </class> <!-- test.LoginTest -->
    </test> <!-- Default test -->
  </suite> <!-- Default suite -->
</testng-results>
